# JRE version: OpenJDK Runtime Environment (8.0_242-b01) (build 1.8.0_242-release-1644-b01)
# Java VM: OpenJDK 64-Bit Server VM (25.242-b01 mixed mode windows-amd64 compressed oops)
Heap:
 PSYoungGen      total 439808K, used 251092K [0x00000000d5580000, 0x00000000f2080000, 0x0000000100000000)
  eden space 409600K, 61% used [0x00000000d5580000,0x00000000e4ab51b0,0x00000000ee580000)
  from space 30208K, 0% used [0x00000000ee580000,0x00000000ee580000,0x00000000f0300000)
  to   space 25088K, 0% used [0x00000000f0600000,0x00000000f0600000,0x00000000f1e80000)
 ParOldGen       total 141312K, used 64884K [0x0000000080000000, 0x0000000088a00000, 0x00000000d5580000)
  object space 141312K, 45% used [0x0000000080000000,0x0000000083f5d008,0x0000000088a00000)
 Metaspace       used 100080K, capacity 104482K, committed 104576K, reserved 1140736K
  class space    used 13187K, capacity 14153K, committed 14208K, reserved 1048576K
GC Heap History (10 events):
Event: 23.255 GC heap before
{Heap before GC invocations=13 (full 3):
 PSYoungGen      total 360960K, used 338432K [0x00000000d5580000, 0x00000000f1e80000, 0x0000000100000000)
  eden space 338432K, 100% used [0x00000000d5580000,0x00000000ea000000,0x00000000ea000000)
  from space 22528K, 0% used [0x00000000ea000000,0x00000000ea000000,0x00000000eb600000)
  to   space 25088K, 0% used [0x00000000f0600000,0x00000000f0600000,0x00000000f1e80000)
 ParOldGen       total 141312K, used 32748K [0x0000000080000000, 0x0000000088a00000, 0x00000000d5580000)
  object space 141312K, 23% used [0x0000000080000000,0x0000000081ffb1e0,0x0000000088a00000)
 Metaspace       used 73505K, capacity 76282K, committed 76416K, reserved 1116160K
  class space    used 9990K, capacity 10578K, committed 10624K, reserved 1048576K
Event: 23.275 GC heap after
Heap after GC invocations=13 (full 3):
 PSYoungGen      total 434688K, used 25083K [0x00000000d5580000, 0x00000000f2080000, 0x0000000100000000)
  eden space 409600K, 0% used [0x00000000d5580000,0x00000000d5580000,0x00000000ee580000)
  from space 25088K, 99% used [0x00000000f0600000,0x00000000f1e7eed8,0x00000000f1e80000)
  to   space 30208K, 0% used [0x00000000ee580000,0x00000000ee580000,0x00000000f0300000)
 ParOldGen       total 141312K, used 35753K [0x0000000080000000, 0x0000000088a00000, 0x00000000d5580000)
  object space 141312K, 25% used [0x0000000080000000,0x00000000822ea5f0,0x0000000088a00000)
 Metaspace       used 73505K, capacity 76282K, committed 76416K, reserved 1116160K
  class space    used 9990K, capacity 10578K, committed 10624K, reserved 1048576K
}
Event: 275.516 GC heap before
{Heap before GC invocations=14 (full 3):
 PSYoungGen      total 434688K, used 434683K [0x00000000d5580000, 0x00000000f2080000, 0x0000000100000000)
  eden space 409600K, 100% used [0x00000000d5580000,0x00000000ee580000,0x00000000ee580000)
  from space 25088K, 99% used [0x00000000f0600000,0x00000000f1e7eed8,0x00000000f1e80000)
  to   space 30208K, 0% used [0x00000000ee580000,0x00000000ee580000,0x00000000f0300000)
 ParOldGen       total 141312K, used 35753K [0x0000000080000000, 0x0000000088a00000, 0x00000000d5580000)
  object space 141312K, 25% used [0x0000000080000000,0x00000000822ea5f0,0x0000000088a00000)
 Metaspace       used 83643K, capacity 87250K, committed 87296K, reserved 1124352K
  class space    used 11006K, capacity 11745K, committed 11776K, reserved 1048576K
Event: 275.541 GC heap after
Heap after GC invocations=14 (full 3):
 PSYoungGen      total 439808K, used 30194K [0x00000000d5580000, 0x00000000f2080000, 0x0000000100000000)
  eden space 409600K, 0% used [0x00000000d5580000,0x00000000d5580000,0x00000000ee580000)
  from space 30208K, 99% used [0x00000000ee580000,0x00000000f02fc8f8,0x00000000f0300000)
  to   space 25088K, 0% used [0x00000000f0600000,0x00000000f0600000,0x00000000f1e80000)
 ParOldGen       total 141312K, used 43011K [0x0000000080000000, 0x0000000088a00000, 0x00000000d5580000)
  object space 141312K, 30% used [0x0000000080000000,0x0000000082a00ee0,0x0000000088a00000)
 Metaspace       used 83643K, capacity 87250K, committed 87296K, reserved 1124352K
  class space    used 11006K, capacity 11745K, committed 11776K, reserved 1048576K
}
Event: 292.770 GC heap before
{Heap before GC invocations=15 (full 3):
 PSYoungGen      total 439808K, used 439794K [0x00000000d5580000, 0x00000000f2080000, 0x0000000100000000)
  eden space 409600K, 100% used [0x00000000d5580000,0x00000000ee580000,0x00000000ee580000)
  from space 30208K, 99% used [0x00000000ee580000,0x00000000f02fc8f8,0x00000000f0300000)
  to   space 25088K, 0% used [0x00000000f0600000,0x00000000f0600000,0x00000000f1e80000)
 ParOldGen       total 141312K, used 43011K [0x0000000080000000, 0x0000000088a00000, 0x00000000d5580000)
  object space 141312K, 30% used [0x0000000080000000,0x0000000082a00ee0,0x0000000088a00000)
 Metaspace       used 93450K, capacity 97592K, committed 97920K, reserved 1134592K
  class space    used 12215K, capacity 13060K, committed 13184K, reserved 1048576K
Event: 292.811 GC heap after
Heap after GC invocations=15 (full 3):
 PSYoungGen      total 434688K, used 25071K [0x00000000d5580000, 0x00000000f2080000, 0x0000000100000000)
  eden space 409600K, 0% used [0x00000000d5580000,0x00000000d5580000,0x00000000ee580000)
  from space 25088K, 99% used [0x00000000f0600000,0x00000000f1e7bc40,0x00000000f1e80000)
  to   space 30208K, 0% used [0x00000000ee580000,0x00000000ee580000,0x00000000f0300000)
 ParOldGen       total 141312K, used 65048K [0x0000000080000000, 0x0000000088a00000, 0x00000000d5580000)
  object space 141312K, 46% used [0x0000000080000000,0x0000000083f86320,0x0000000088a00000)
 Metaspace       used 93450K, capacity 97592K, committed 97920K, reserved 1134592K
  class space    used 12215K, capacity 13060K, committed 13184K, reserved 1048576K
}
Event: 293.347 GC heap before
{Heap before GC invocations=16 (full 3):
 PSYoungGen      total 434688K, used 149774K [0x00000000d5580000, 0x00000000f2080000, 0x0000000100000000)
  eden space 409600K, 30% used [0x00000000d5580000,0x00000000dcf47ed8,0x00000000ee580000)
  from space 25088K, 99% used [0x00000000f0600000,0x00000000f1e7bc40,0x00000000f1e80000)
  to   space 30208K, 0% used [0x00000000ee580000,0x00000000ee580000,0x00000000f0300000)
 ParOldGen       total 141312K, used 65048K [0x0000000080000000, 0x0000000088a00000, 0x00000000d5580000)
  object space 141312K, 46% used [0x0000000080000000,0x0000000083f86320,0x0000000088a00000)
 Metaspace       used 94255K, capacity 98474K, committed 98560K, reserved 1134592K
  class space    used 12323K, capacity 13153K, committed 13184K, reserved 1048576K
Event: 293.366 GC heap after
Heap after GC invocations=16 (full 3):
 PSYoungGen      total 439808K, used 1474K [0x00000000d5580000, 0x00000000f2080000, 0x0000000100000000)
  eden space 409600K, 0% used [0x00000000d5580000,0x00000000d5580000,0x00000000ee580000)
  from space 30208K, 4% used [0x00000000ee580000,0x00000000ee6f0838,0x00000000f0300000)
  to   space 25088K, 0% used [0x00000000f0600000,0x00000000f0600000,0x00000000f1e80000)
 ParOldGen       total 141312K, used 89413K [0x0000000080000000, 0x0000000088a00000, 0x00000000d5580000)
  object space 141312K, 63% used [0x0000000080000000,0x0000000085751580,0x0000000088a00000)
 Metaspace       used 94255K, capacity 98474K, committed 98560K, reserved 1134592K
  class space    used 12323K, capacity 13153K, committed 13184K, reserved 1048576K
}
Event: 293.366 GC heap before
{Heap before GC invocations=17 (full 4):
 PSYoungGen      total 439808K, used 1474K [0x00000000d5580000, 0x00000000f2080000, 0x0000000100000000)
  eden space 409600K, 0% used [0x00000000d5580000,0x00000000d5580000,0x00000000ee580000)
  from space 30208K, 4% used [0x00000000ee580000,0x00000000ee6f0838,0x00000000f0300000)
  to   space 25088K, 0% used [0x00000000f0600000,0x00000000f0600000,0x00000000f1e80000)
 ParOldGen       total 141312K, used 89413K [0x0000000080000000, 0x0000000088a00000, 0x00000000d5580000)
  object space 141312K, 63% used [0x0000000080000000,0x0000000085751580,0x0000000088a00000)
 Metaspace       used 94255K, capacity 98474K, committed 98560K, reserved 1134592K
  class space    used 12323K, capacity 13153K, committed 13184K, reserved 1048576K
Event: 293.551 GC heap after
Heap after GC invocations=17 (full 4):
 PSYoungGen      total 439808K, used 0K [0x00000000d5580000, 0x00000000f2080000, 0x0000000100000000)
  eden space 409600K, 0% used [0x00000000d5580000,0x00000000d5580000,0x00000000ee580000)
  from space 30208K, 0% used [0x00000000ee580000,0x00000000ee580000,0x00000000f0300000)
  to   space 25088K, 0% used [0x00000000f0600000,0x00000000f0600000,0x00000000f1e80000)
 ParOldGen       total 141312K, used 64884K [0x0000000080000000, 0x0000000088a00000, 0x00000000d5580000)
  object space 141312K, 45% used [0x0000000080000000,0x0000000083f5d008,0x0000000088a00000)
 Metaspace       used 94017K, capacity 97812K, committed 98560K, reserved 1134592K
  class space    used 12245K, capacity 13016K, committed 13184K, reserved 1048576K
}

